Using pre-set license
Built from '2020.3/staging' branch; Version is '2020.3.24f1 (79c78de19888) revision 7980941'; Using compiler version '192528614'; Build Type 'Release'
OS: 'Windows 10  (10.0.19043) 64bit Core' Language: 'pt' Physical Memory: 16315 MB
BatchMode: 1, IsHumanControllingUs: 0, StartBugReporterOnCrash: 0, Is64bit: 1, IsPro: 0

COMMAND LINE ARGUMENTS:
C:\Program Files\Unity\Hub\Editor\2020.3.24f1\Editor\Unity.exe
-adb2
-batchMode
-noUpm
-name
AssetImportWorker0
-projectPath
C:/Users/andre/Desktop/Outros/Projetos Unity/StepOut
-logFile
Logs/AssetImportWorker0.log
-srvPort
55289
Successfully changed project path to: C:/Users/andre/Desktop/Outros/Projetos Unity/StepOut
C:/Users/andre/Desktop/Outros/Projetos Unity/StepOut
Using Asset Import Pipeline V2.
Refreshing native plugins compatible for Editor in 68.41 ms, found 3 plugins.
Preloading 0 native plugins for Editor in 0.00 ms.
Initialize engine version: 2020.3.24f1 (79c78de19888)
[Subsystems] Discovering subsystems at path C:/Program Files/Unity/Hub/Editor/2020.3.24f1/Editor/Data/Resources/UnitySubsystems
[Subsystems] Discovering subsystems at path C:/Users/andre/Desktop/Outros/Projetos Unity/StepOut/Assets
GfxDevice: creating device client; threaded=0
Direct3D:
    Version:  Direct3D 11.0 [level 11.1]
    Renderer: Radeon RX 580 Series (ID=0x67df)
    Vendor:   
    VRAM:     8171 MB
    Driver:   30.0.14011.3017
Initialize mono
Mono path[0] = 'C:/Program Files/Unity/Hub/Editor/2020.3.24f1/Editor/Data/Managed'
Mono path[1] = 'C:/Program Files/Unity/Hub/Editor/2020.3.24f1/Editor/Data/MonoBleedingEdge/lib/mono/unityjit'
Mono config path = 'C:/Program Files/Unity/Hub/Editor/2020.3.24f1/Editor/Data/MonoBleedingEdge/etc'
Using monoOptions --debugger-agent=transport=dt_socket,embedding=1,server=y,suspend=n,address=127.0.0.1:56468
Begin MonoManager ReloadAssembly
Registering precompiled unity dll's ...
Register platform support module: C:/Program Files/Unity/Hub/Editor/2020.3.24f1/Editor/Data/PlaybackEngines/WindowsStandaloneSupport/UnityEditor.WindowsStandalone.Extensions.dll
Registered in 0.002740 seconds.
Native extension for WindowsStandalone target not found
Refreshing native plugins compatible for Editor in 53.10 ms, found 3 plugins.
Preloading 0 native plugins for Editor in 0.00 ms.
Mono: successfully reloaded assembly
- Completed reload, in  0.703 seconds
Domain Reload Profiling:
	ReloadAssembly (703ms)
		BeginReloadAssembly (64ms)
			ExecutionOrderSort (0ms)
			DisableScriptedObjects (0ms)
			BackupInstance (0ms)
			ReleaseScriptingObjects (0ms)
			CreateAndSetChildDomain (1ms)
		EndReloadAssembly (547ms)
			LoadAssemblies (61ms)
			RebuildTransferFunctionScriptingTraits (0ms)
			SetupTypeCache (178ms)
			ReleaseScriptCaches (0ms)
			RebuildScriptCaches (31ms)
			SetupLoadedEditorAssemblies (207ms)
				LogAssemblyErrors (0ms)
				InitializePlatformSupportModulesInManaged (5ms)
				SetLoadedEditorAssemblies (0ms)
				RefreshPlugins (53ms)
				BeforeProcessingInitializeOnLoad (19ms)
				ProcessInitializeOnLoadAttributes (96ms)
				ProcessInitializeOnLoadMethodAttributes (33ms)
				AfterProcessingInitializeOnLoad (0ms)
				EditorAssembliesLoaded (0ms)
			ExecutionOrderSort2 (0ms)
			AwakeInstancesAfterBackupRestoration (0ms)
Platform modules already initialized, skipping
Registering precompiled user dll's ...
Registered in 0.016062 seconds.
Begin MonoManager ReloadAssembly
Native extension for WindowsStandalone target not found
Refreshing native plugins compatible for Editor in 1.39 ms, found 3 plugins.
Preloading 0 native plugins for Editor in 0.00 ms.
Mono: successfully reloaded assembly
- Completed reload, in  1.245 seconds
Domain Reload Profiling:
	ReloadAssembly (1247ms)
		BeginReloadAssembly (163ms)
			ExecutionOrderSort (0ms)
			DisableScriptedObjects (6ms)
			BackupInstance (0ms)
			ReleaseScriptingObjects (0ms)
			CreateAndSetChildDomain (22ms)
		EndReloadAssembly (1012ms)
			LoadAssemblies (117ms)
			RebuildTransferFunctionScriptingTraits (0ms)
			SetupTypeCache (332ms)
			ReleaseScriptCaches (1ms)
			RebuildScriptCaches (58ms)
			SetupLoadedEditorAssemblies (382ms)
				LogAssemblyErrors (0ms)
				InitializePlatformSupportModulesInManaged (5ms)
				SetLoadedEditorAssemblies (1ms)
				RefreshPlugins (2ms)
				BeforeProcessingInitializeOnLoad (109ms)
				ProcessInitializeOnLoadAttributes (245ms)
				ProcessInitializeOnLoadMethodAttributes (10ms)
				AfterProcessingInitializeOnLoad (10ms)
				EditorAssembliesLoaded (0ms)
			ExecutionOrderSort2 (0ms)
			AwakeInstancesAfterBackupRestoration (7ms)
Platform modules already initialized, skipping
========================================================================
Worker process is ready to serve import requests
Launched and connected shader compiler UnityShaderCompiler.exe after 0.05 seconds
Refreshing native plugins compatible for Editor in 0.91 ms, found 3 plugins.
Preloading 0 native plugins for Editor in 0.00 ms.
Unloading 2295 Unused Serialized files (Serialized files now loaded: 0)
System memory in use before: 93.4 MB.
System memory in use after: 93.5 MB.

Unloading 61 unused Assets to reduce memory usage. Loaded Objects now: 2689.
Total: 3.749200 ms (FindLiveObjects: 0.285300 ms CreateObjectMapping: 0.065400 ms MarkObjects: 3.297300 ms  DeleteObjects: 0.099000 ms)

AssetImportParameters requested are different than current active one (requested -> active):
  custom:framework-win-MediaFoundation: 216162199b28c13a410421893ffa2e32 -> 
  custom:video-decoder-ogg-theora: a1e56fd34408186e4bbccfd4996cb3dc -> 
  custom:container-muxer-webm: aa71ff27fc2769a1b78a27578f13a17b -> 
  custom:container-demuxer-webm: 4f35f7cbe854078d1ac9338744f61a02 -> 
  custom:container-demuxer-ogg: 62fdf1f143b41e24485cea50d1cbac27 -> 
  custom:video-encoder-webm-vp8: eb34c28f22e8b96e1ab97ce403110664 -> 
  custom:video-decoder-webm-vp8: 9c59270c3fd7afecdb556c50c9e8de78 -> 
  custom:audio-decoder-ogg-vorbis: bf7c407c2cedff20999df2af8eb42d56 -> 
  custom:audio-encoder-webm-vorbis: bf7c407c2cedff20999df2af8eb42d56 -> 
========================================================================
Received Import Request.
  path: Assets/Mapbox/Examples/2_AstronautGame/AstronautGame/Astronaut/AstronautMouseController.cs
  artifactKey: Guid(7131041864ed14f44865fa1d8e27b411) Importer(815301076,1909f56bfc062723c751e8b465ee728b)
Start importing Assets/Mapbox/Examples/2_AstronautGame/AstronautGame/Astronaut/AstronautMouseController.cs using Guid(7131041864ed14f44865fa1d8e27b411) Importer(815301076,1909f56bfc062723c751e8b465ee728b)  -> (artifact id: '2f26b0783e9aefce51417af8a210d79c') in 0.045310 seconds 
  Import took 0.048798 seconds .

========================================================================
Received Import Request.
  Time since last request: 0.000198 seconds.
  path: Assets/Mapbox/Examples/2_AstronautGame/AstronautGame/Astronaut/MapboxAstronaut.fbx
  artifactKey: Guid(d5c7249b3f2369b42b2dbf63a8035989) Importer(815301076,1909f56bfc062723c751e8b465ee728b)
Start importing Assets/Mapbox/Examples/2_AstronautGame/AstronautGame/Astronaut/MapboxAstronaut.fbx using Guid(d5c7249b3f2369b42b2dbf63a8035989) Importer(815301076,1909f56bfc062723c751e8b465ee728b)  -> (artifact id: 'c426ded109ceb89c1942e953f48e4831') in 0.637189 seconds 
  Import took 0.640502 seconds .

========================================================================
Received Import Request.
  Time since last request: 0.000197 seconds.
  path: Assets/Mapbox/Examples/2_AstronautGame/AstronautGame/Astronaut/RobotSelector.mat
  artifactKey: Guid(2221fa9c198f67749a5fe7803ff89eda) Importer(815301076,1909f56bfc062723c751e8b465ee728b)
Start importing Assets/Mapbox/Examples/2_AstronautGame/AstronautGame/Astronaut/RobotSelector.mat using Guid(2221fa9c198f67749a5fe7803ff89eda) Importer(815301076,1909f56bfc062723c751e8b465ee728b)  -> (artifact id: '90497b6563c106ceee74abcda403de85') in 0.046640 seconds 
  Import took 0.049807 seconds .

========================================================================
Received Import Request.
  Time since last request: 0.000198 seconds.
  path: Assets/Mapbox/Examples/2_AstronautGame/AstronautGame/Astronaut/MapboxAstronaut_roughness.tif
  artifactKey: Guid(049d968ff5737894f88a9e322c78528e) Importer(815301076,1909f56bfc062723c751e8b465ee728b)
Start importing Assets/Mapbox/Examples/2_AstronautGame/AstronautGame/Astronaut/MapboxAstronaut_roughness.tif using Guid(049d968ff5737894f88a9e322c78528e) Importer(815301076,1909f56bfc062723c751e8b465ee728b)  -> (artifact id: 'd83172a5a02b133d5caaa5dfde1d6aca') in 0.081097 seconds 
  Import took 0.084176 seconds .

========================================================================
Received Import Request.
  Time since last request: 0.000193 seconds.
  path: Assets/Mapbox/Examples/2_AstronautGame/AstronautGame/Astronaut/RobotSelection2.png
  artifactKey: Guid(c5c2dcd795afd7e419a9784d3e5ffa0f) Importer(815301076,1909f56bfc062723c751e8b465ee728b)
Start importing Assets/Mapbox/Examples/2_AstronautGame/AstronautGame/Astronaut/RobotSelection2.png using Guid(c5c2dcd795afd7e419a9784d3e5ffa0f) Importer(815301076,1909f56bfc062723c751e8b465ee728b)  -> (artifact id: 'f0fc4ef932c37534b6ccf7222234f140') in 0.035871 seconds 
  Import took 0.038948 seconds .

========================================================================
Received Import Request.
  Time since last request: 0.000191 seconds.
  path: Assets/Mapbox/Examples/2_AstronautGame/AstronautGame/Astronaut/MapboxAstronaut_normal.tif
  artifactKey: Guid(6f824ebc83678c64dbc8ce6ba03a458d) Importer(815301076,1909f56bfc062723c751e8b465ee728b)
Start importing Assets/Mapbox/Examples/2_AstronautGame/AstronautGame/Astronaut/MapboxAstronaut_normal.tif using Guid(6f824ebc83678c64dbc8ce6ba03a458d) Importer(815301076,1909f56bfc062723c751e8b465ee728b)  -> (artifact id: '3936ba3c31f709e81f4b7ab87103d43f') in 0.067347 seconds 
  Import took 0.070363 seconds .

========================================================================
Received Import Request.
  Time since last request: 0.000211 seconds.
  path: Assets/Mapbox/Examples/2_AstronautGame/AstronautGame/Astronaut/MapboxAstronaut_albedo.tif
  artifactKey: Guid(2bc2b101a9422c74682327ba26483e9a) Importer(815301076,1909f56bfc062723c751e8b465ee728b)
Start importing Assets/Mapbox/Examples/2_AstronautGame/AstronautGame/Astronaut/MapboxAstronaut_albedo.tif using Guid(2bc2b101a9422c74682327ba26483e9a) Importer(815301076,1909f56bfc062723c751e8b465ee728b)  -> (artifact id: 'ecbbee411a1f90d2e97632bc7f8a9e5b') in 0.069985 seconds 
  Import took 0.073137 seconds .

========================================================================
Received Import Request.
  Time since last request: 0.000211 seconds.
  path: Assets/Mapbox/Examples/2_AstronautGame/AstronautGame/Astronaut/RobotSelection.png
  artifactKey: Guid(5905abb8fdf60f640a467d3255cc776a) Importer(815301076,1909f56bfc062723c751e8b465ee728b)
Start importing Assets/Mapbox/Examples/2_AstronautGame/AstronautGame/Astronaut/RobotSelection.png using Guid(5905abb8fdf60f640a467d3255cc776a) Importer(815301076,1909f56bfc062723c751e8b465ee728b)  -> (artifact id: '4131647feabd5630a71a2f0b962fa3d8') in 0.024620 seconds 
  Import took 0.027805 seconds .

========================================================================
Received Import Request.
  Time since last request: 0.000195 seconds.
  path: Assets/Mapbox/Examples/2_AstronautGame/AstronautGame/Astronaut/MapboxAstronaut_metallic.tif
  artifactKey: Guid(f12c7b4f859417447a5b89065836984e) Importer(815301076,1909f56bfc062723c751e8b465ee728b)
Start importing Assets/Mapbox/Examples/2_AstronautGame/AstronautGame/Astronaut/MapboxAstronaut_metallic.tif using Guid(f12c7b4f859417447a5b89065836984e) Importer(815301076,1909f56bfc062723c751e8b465ee728b)  -> (artifact id: 'a108741b113eaf6ffccbcd1366c699c6') in 0.082962 seconds 
  Import took 0.086775 seconds .

========================================================================
Received Import Request.
  Time since last request: 0.000293 seconds.
  path: Assets/Mapbox/Examples/2_AstronautGame/AstronautGame/Astronaut/Astro@walk.fbx
  artifactKey: Guid(fc9c407526569a040aff73ce885504c1) Importer(815301076,1909f56bfc062723c751e8b465ee728b)
Start importing Assets/Mapbox/Examples/2_AstronautGame/AstronautGame/Astronaut/Astro@walk.fbx using Guid(fc9c407526569a040aff73ce885504c1) Importer(815301076,1909f56bfc062723c751e8b465ee728b)  -> (artifact id: 'b01a339bf797896024891d6e8f44562b') in 0.266849 seconds 
  Import took 0.271574 seconds .

========================================================================
Received Import Request.
  Time since last request: 0.000223 seconds.
  path: Assets/Mapbox/Examples/2_AstronautGame/AstronautGame/Astronaut/Falloff.psd
  artifactKey: Guid(23740055e2b119e40a939138ab8070f8) Importer(815301076,1909f56bfc062723c751e8b465ee728b)
Start importing Assets/Mapbox/Examples/2_AstronautGame/AstronautGame/Astronaut/Falloff.psd using Guid(23740055e2b119e40a939138ab8070f8) Importer(815301076,1909f56bfc062723c751e8b465ee728b)  -> (artifact id: 'cc66cfb342ee52cae82dbecf1befbb45') in 0.024044 seconds 
  Import took 0.027773 seconds .

========================================================================
Received Import Request.
  Time since last request: 0.000223 seconds.
  path: Assets/Mapbox/Examples/2_AstronautGame/AstronautGame/Astronaut/MapboxAstronaut.prefab
  artifactKey: Guid(b4281c0219e45624e855839527bdc6f1) Importer(815301076,1909f56bfc062723c751e8b465ee728b)
Start importing Assets/Mapbox/Examples/2_AstronautGame/AstronautGame/Astronaut/MapboxAstronaut.prefab using Guid(b4281c0219e45624e855839527bdc6f1) Importer(815301076,1909f56bfc062723c751e8b465ee728b)  -> (artifact id: '45321ef0793adf16b1ba26a6fad8014a') in 0.246382 seconds 
  Import took 0.250509 seconds .

========================================================================
Received Import Request.
  Time since last request: 0.000231 seconds.
  path: Assets/Mapbox/Examples/2_AstronautGame/AstronautGame/Astronaut/MapboxAstronaut.mat
  artifactKey: Guid(2a98223a0ce402e42b52d90ce9e4910a) Importer(815301076,1909f56bfc062723c751e8b465ee728b)
Start importing Assets/Mapbox/Examples/2_AstronautGame/AstronautGame/Astronaut/MapboxAstronaut.mat using Guid(2a98223a0ce402e42b52d90ce9e4910a) Importer(815301076,1909f56bfc062723c751e8b465ee728b)  -> (artifact id: '56c5f83e6395a9f4e0de3926f0a2d933') in 0.226376 seconds 
  Import took 0.229749 seconds .

========================================================================
Received Import Request.
  Time since last request: 0.000217 seconds.
  path: Assets/Mapbox/Examples/2_AstronautGame/AstronautGame/Astronaut/Astro@idle.fbx
  artifactKey: Guid(60910c35c31b61e429ee83165006de91) Importer(815301076,1909f56bfc062723c751e8b465ee728b)
Start importing Assets/Mapbox/Examples/2_AstronautGame/AstronautGame/Astronaut/Astro@idle.fbx using Guid(60910c35c31b61e429ee83165006de91) Importer(815301076,1909f56bfc062723c751e8b465ee728b)  -> (artifact id: 'fe7a4464e348a806e6fb29ad047208b6') in 0.230371 seconds 
  Import took 0.234023 seconds .

========================================================================
Received Import Request.
  Time since last request: 2.578620 seconds.
  path: Assets/Mapbox/Examples/2_AstronautGame/AstronautGame/Astronaut/CharacterMovement.cs
  artifactKey: Guid(5798356d101127847ac0719a2d1ab574) Importer(815301076,1909f56bfc062723c751e8b465ee728b)
Start importing Assets/Mapbox/Examples/2_AstronautGame/AstronautGame/Astronaut/CharacterMovement.cs using Guid(5798356d101127847ac0719a2d1ab574) Importer(815301076,1909f56bfc062723c751e8b465ee728b)  -> (artifact id: '199ae633e18c4ef43ffddc93424beaad') in 0.006377 seconds 
  Import took 0.009864 seconds .

========================================================================
Received Import Request.
  Time since last request: 13.146256 seconds.
  path: Assets/Mapbox/Examples/2_AstronautGame/AstronautGame/Astronaut/AstronautDirections.cs
  artifactKey: Guid(3590ab21d4bcb49ba8fd090c53a5fc51) Importer(815301076,1909f56bfc062723c751e8b465ee728b)
Start importing Assets/Mapbox/Examples/2_AstronautGame/AstronautGame/Astronaut/AstronautDirections.cs using Guid(3590ab21d4bcb49ba8fd090c53a5fc51) Importer(815301076,1909f56bfc062723c751e8b465ee728b)  -> (artifact id: 'aa478d5255be7e7ca8e15dfe37298196') in 0.006391 seconds 
  Import took 0.009901 seconds .

AssetImportWorkerClient::OnTransportError - code=2 error=End of file
